============<<<Semantic Error:test>>>============
test.cs(210,16): error CS0266: Cannot implicitly convert type 'double' to 'int'. An explicit conversion exists (are you missing a cast?)
test.cs(338,27): error CS0413: The type parameter 'T' cannot be used with the 'as' operator because it does not have a class type constraint nor a 'class' constraint
test.cs(339,23): error CS0128: A local variable named 'v' is already defined in this scope
test.cs(349,29): error CS0030: Cannot convert type 'T' to 'TT'
test.cs(475,17): error CS0131: The left-hand side of an assignment must be a variable, property or indexer
test.cs(476,21): error CS0266: Cannot implicitly convert type 'int?' to 'int'. An explicit conversion exists (are you missing a cast?)
test.cs(483,80): error CS0266: Cannot implicitly convert type 'float' to 'int'. An explicit conversion exists (are you missing a cast?)
test.cs(587,59): error CS1501: No overload for method 'Add' takes 2 arguments
test.cs(587,69): error CS1501: No overload for method 'Add' takes 2 arguments
test.cs(615,27): error CS0039: Cannot convert type 'int' to 'TopLevel.SecondLevel.Foo' via a reference conversion, boxing conversion, unboxing conversion, wrapping conversion, or null type conversion
test.cs(628,26): error CS0131: The left-hand side of an assignment must be a variable, property or indexer
test.cs(631,17): error CS0131: The left-hand side of an assignment must be a variable, property or indexer
test.cs(533,17): error CS0305: Using the generic type 'IRunnable<T>' requires 1 type arguments
test.cs(538,25): error CS0161: 'Foo.TestValueArg(TestStruct)': not all code paths return a value
test.cs(86,17): error CS0619: 'GameObject.renderer' is obsolete: 'Property renderer has been deprecated. Use GetComponent<Renderer>() instead. (UnityUpgradable)'
test.cs(91,16): error CS0128: A local variable named 's' is already defined in this scope
test.cs(92,13): error CS0128: A local variable named 'i' is already defined in this scope
test.cs(94,13): error CS0128: A local variable named 'i' is already defined in this scope
test.cs(118,23): error CS1931: The range variable 'v' conflicts with a previous declaration of 'v'
test.cs(120,16): error CS0128: A local variable named 's' is already defined in this scope
test.cs(121,14): error CS0128: A local variable named 'c' is already defined in this scope
