============<<<Semantic Error:test>>>============
test.cs(236,37): error CS0556: User-defined conversion must convert to or from the enclosing type
test.cs(159,14): error CS0030: Cannot convert type 'System.Type' to 'TValue'
test.cs(176,9): error CS0246: The type or namespace name 'StringBuilder' could not be found (are you missing a using directive or an assembly reference?)
test.cs(176,43): error CS0246: The type or namespace name 'StringBuilder' could not be found (are you missing a using directive or an assembly reference?)
test.cs(252,32): error CS1936: Could not find an implementation of the query pattern for source type 'int'.  'Where' not found.
test.cs(256,16): error CS0128: A local variable or function named 'a' is already defined in this scope
test.cs(277,31): error CS0165: Use of unassigned local variable 'v'
test.cs(330,19): error CS0155: The type caught or thrown must be derived from System.Exception
test.cs(346,9): error CS0120: An object reference is required for the non-static field, method, or property 'Test.LoadStartupView_FGUI(string, string, string, ViewGroup, bool)'
